2026-06-06 20:55:57,618 - INFO - Customer Churn API Started
2026-06-06 20:56:01,448 - INFO - Customer Churn API Started
2026-06-06 20:56:35,392 - INFO - Prediction Request Received
2026-06-06 21:01:19,473 - INFO - Prediction Request Received
2026-06-06 21:01:19,570 - ERROR - Database Save Failed: no such table: predictions
2026-06-06 21:07:36,924 - INFO - Customer Churn API Started
2026-06-06 21:07:38,858 - INFO - Customer Churn API Started
2026-06-06 21:07:42,326 - INFO - Customer Churn API Started
2026-06-06 21:08:03,753 - INFO - Customer Churn API Started
2026-06-06 21:08:07,161 - INFO - Customer Churn API Started
2026-06-06 21:09:50,938 - INFO - Customer Churn API Started
2026-06-06 21:11:25,909 - INFO - Customer Churn API Started
2026-06-06 21:12:13,796 - ERROR - Validation Error: [{'type': 'float_parsing', 'loc': ('body', 'MonthlyCharges'), 'msg': 'Input should be a valid number, unable to parse string as a number', 'input': 'abc'}]
2026-06-06 21:12:43,686 - INFO - Prediction Request Received: {'gender': 'Male', 'SeniorCitizen': 'Yes', 'Partner': 'Yes', 'Dependents': 'Yes', 'tenure': 0, 'PhoneService': 'Yes', 'MultipleLines': 'Yes', 'InternetService': 'DSL', 'OnlineSecurity': 'Yes', 'OnlineBackup': 'Yes', 'DeviceProtection': 'Yes', 'TechSupport': 'Yes', 'StreamingTV': 'Yes', 'StreamingMovies': 'Yes', 'Contract': 'Month-to-month', 'PaperlessBilling': 'Yes', 'PaymentMethod': 'Electronic check', 'MonthlyCharges': 100.0}
2026-06-06 21:12:43,765 - INFO - Prediction=1, Confidence=0.7126750377057952
2026-06-06 21:16:54,917 - INFO - Customer Churn API Started
2026-06-06 22:26:54,466 - INFO - Customer Churn API Started
2026-06-06 22:26:58,736 - INFO - Customer Churn API Started
2026-06-06 22:27:08,298 - INFO - Customer Churn API Started
2026-06-06 22:28:13,838 - INFO - Customer Churn API Started
2026-06-06 22:28:29,910 - INFO - Customer Churn API Started
2026-06-06 22:36:12,147 - INFO - Customer Churn API Started
2026-06-06 22:36:15,194 - INFO - Customer Churn API Started
2026-06-06 22:36:18,366 - INFO - Customer Churn API Started
2026-06-06 22:36:45,915 - INFO - Customer Churn API Started
2026-06-06 22:36:56,567 - INFO - Customer Churn API Started
2026-06-06 22:37:02,706 - INFO - Customer Churn API Started
2026-06-06 22:37:10,716 - INFO - Customer Churn API Started
2026-06-06 22:37:17,575 - INFO - Customer Churn API Started
2026-06-06 22:38:06,034 - INFO - Prediction Request Received: {'gender': 'Male', 'SeniorCitizen': 'Yes', 'Partner': 'Yes', 'Dependents': 'Yes', 'tenure': 12, 'PhoneService': 'Yes', 'MultipleLines': 'Yes', 'InternetService': 'DSL', 'OnlineSecurity': 'Yes', 'OnlineBackup': 'Yes', 'DeviceProtection': 'Yes', 'TechSupport': 'Yes', 'StreamingTV': 'Yes', 'StreamingMovies': 'Yes', 'Contract': 'Month-to-month', 'PaperlessBilling': 'Yes', 'PaymentMethod': 'Electronic check', 'MonthlyCharges': 50.0}
2026-06-06 22:38:06,119 - INFO - Prediction=1, Confidence=0.524056633640909
2026-06-06 22:38:14,999 - INFO - Prediction Request Received: {'gender': 'Male', 'SeniorCitizen': 'Yes', 'Partner': 'Yes', 'Dependents': 'Yes', 'tenure': 12, 'PhoneService': 'Yes', 'MultipleLines': 'Yes', 'InternetService': 'DSL', 'OnlineSecurity': 'Yes', 'OnlineBackup': 'Yes', 'DeviceProtection': 'Yes', 'TechSupport': 'Yes', 'StreamingTV': 'Yes', 'StreamingMovies': 'Yes', 'Contract': 'Month-to-month', 'PaperlessBilling': 'Yes', 'PaymentMethod': 'Electronic check', 'MonthlyCharges': 50.0}
2026-06-06 22:38:15,056 - INFO - Prediction=1, Confidence=0.524056633640909
2026-06-06 22:38:59,969 - INFO - Prediction Request Received: {'gender': 'Male', 'SeniorCitizen': 'Yes', 'Partner': 'Yes', 'Dependents': 'Yes', 'tenure': 12, 'PhoneService': 'Yes', 'MultipleLines': 'Yes', 'InternetService': 'DSL', 'OnlineSecurity': 'Yes', 'OnlineBackup': 'Yes', 'DeviceProtection': 'Yes', 'TechSupport': 'Yes', 'StreamingTV': 'Yes', 'StreamingMovies': 'Yes', 'Contract': 'Month-to-month', 'PaperlessBilling': 'Yes', 'PaymentMethod': 'Electronic check', 'MonthlyCharges': 50.0}
2026-06-06 22:39:00,081 - INFO - Prediction=1, Confidence=0.524056633640909
2026-06-06 22:39:15,064 - INFO - Customer Churn API Started
2026-06-06 22:40:24,083 - INFO - Customer Churn API Started
2026-06-06 22:40:30,200 - INFO - Customer Churn API Started
2026-06-06 22:41:02,167 - INFO - Customer Churn API Started
2026-06-06 22:41:11,256 - INFO - Customer Churn API Started
2026-06-06 22:47:45,477 - INFO - Prediction Request Received: {'gender': 'Male', 'SeniorCitizen': 'Yes', 'Partner': 'Yes', 'Dependents': 'Yes', 'tenure': 12, 'PhoneService': 'Yes', 'MultipleLines': 'Yes', 'InternetService': 'DSL', 'OnlineSecurity': 'Yes', 'OnlineBackup': 'Yes', 'DeviceProtection': 'Yes', 'TechSupport': 'Yes', 'StreamingTV': 'Yes', 'StreamingMovies': 'Yes', 'Contract': 'Month-to-month', 'PaperlessBilling': 'Yes', 'PaymentMethod': 'Electronic check', 'MonthlyCharges': 50.0}
2026-06-06 22:47:45,828 - INFO - Prediction=1, Confidence=0.524056633640909
2026-06-06 22:48:51,431 - INFO - Customer Churn API Started
2026-06-06 22:49:00,065 - INFO - Customer Churn API Started
2026-06-06 22:55:53,127 - INFO - Customer Churn API Started
2026-06-06 22:55:56,071 - INFO - Customer Churn API Started
2026-06-06 22:55:59,428 - INFO - Customer Churn API Started
2026-06-06 22:56:22,827 - INFO - Customer Churn API Started
2026-06-06 22:56:26,555 - INFO - Prediction Request Received: {'gender': 'Male', 'SeniorCitizen': 'Yes', 'Partner': 'Yes', 'Dependents': 'Yes', 'tenure': 0, 'PhoneService': 'Yes', 'MultipleLines': 'Yes', 'InternetService': 'DSL', 'OnlineSecurity': 'Yes', 'OnlineBackup': 'Yes', 'DeviceProtection': 'Yes', 'TechSupport': 'Yes', 'StreamingTV': 'Yes', 'StreamingMovies': 'Yes', 'Contract': 'Month-to-month', 'PaperlessBilling': 'Yes', 'PaymentMethod': 'Electronic check', 'MonthlyCharges': 100.0}
2026-06-06 22:56:26,643 - INFO - Prediction=1, Confidence=0.7126750377057952
2026-06-06 22:58:25,751 - INFO - Prediction Request Received: {'gender': 'Male', 'SeniorCitizen': 'Yes', 'Partner': 'Yes', 'Dependents': 'Yes', 'tenure': 12, 'PhoneService': 'Yes', 'MultipleLines': 'Yes', 'InternetService': 'DSL', 'OnlineSecurity': 'Yes', 'OnlineBackup': 'Yes', 'DeviceProtection': 'Yes', 'TechSupport': 'Yes', 'StreamingTV': 'Yes', 'StreamingMovies': 'Yes', 'Contract': 'Month-to-month', 'PaperlessBilling': 'Yes', 'PaymentMethod': 'Electronic check', 'MonthlyCharges': 50.0}
2026-06-06 22:58:25,832 - INFO - Prediction=1, Confidence=0.524056633640909
2026-06-06 23:01:04,900 - INFO - Customer Churn API Started
2026-06-06 23:01:10,628 - INFO - Customer Churn API Started
2026-06-06 23:01:13,047 - INFO - Customer Churn API Started
2026-06-06 23:01:17,814 - INFO - Customer Churn API Started
2026-06-06 23:01:21,099 - INFO - Customer Churn API Started
2026-06-06 23:01:25,779 - INFO - Customer Churn API Started
2026-06-06 23:01:29,661 - INFO - Customer Churn API Started
2026-06-06 23:01:38,060 - INFO - Prediction Request Received: {'gender': 'Male', 'SeniorCitizen': 'Yes', 'Partner': 'Yes', 'Dependents': 'Yes', 'tenure': 12, 'PhoneService': 'Yes', 'MultipleLines': 'Yes', 'InternetService': 'DSL', 'OnlineSecurity': 'Yes', 'OnlineBackup': 'Yes', 'DeviceProtection': 'Yes', 'TechSupport': 'Yes', 'StreamingTV': 'Yes', 'StreamingMovies': 'Yes', 'Contract': 'Month-to-month', 'PaperlessBilling': 'Yes', 'PaymentMethod': 'Electronic check', 'MonthlyCharges': 50.0}
2026-06-06 23:01:38,145 - INFO - Prediction=Churn, Confidence=0.524056633640909
2026-06-07 00:00:04,185 - INFO - Customer Churn API Started
